
> ipachi-pos-portal@0.0.1 build
> tsc -b && vite build

[36mvite v5.4.19 [32mbuilding for production...[36m[39m
transforming...
[32m✓[39m 2243 modules transformed.
rendering chunks...
computing gzip size...
[2mdist/[22m[32mindex.html                                 [39m[1m[2m    0.40 kB[22m[1m[22m[2m │ gzip:   0.27 kB[22m
[2mdist/[22m[35massets/index-DGEqJ5WE.css                  [39m[1m[2m   10.42 kB[22m[1m[22m[2m │ gzip:   2.89 kB[22m
[2mdist/[22m[36massets/purify.es-aGzT-_H7.js               [39m[1m[2m   22.15 kB[22m[1m[22m[2m │ gzip:   8.67 kB[22m
[2mdist/[22m[36massets/jspdf.plugin.autotable-CfO62xhj.js  [39m[1m[2m   30.98 kB[22m[1m[22m[2m │ gzip:   9.87 kB[22m
[2mdist/[22m[36massets/index.es-C5FmusiZ.js                [39m[1m[2m  150.46 kB[22m[1m[22m[2m │ gzip:  51.42 kB[22m
[2mdist/[22m[36massets/html2canvas.esm-CBrSDip1.js         [39m[1m[2m  201.42 kB[22m[1m[22m[2m │ gzip:  48.03 kB[22m
[2mdist/[22m[36massets/jspdf.es.min-CqY_LpcN.js            [39m[1m[2m  387.88 kB[22m[1m[22m[2m │ gzip: 127.31 kB[22m
[2mdist/[22m[36massets/xlsx-D_0l8YDs.js                    [39m[1m[2m  429.03 kB[22m[1m[22m[2m │ gzip: 143.08 kB[22m
[2mdist/[22m[36massets/index-DxAckEkB.js                   [39m[1m[33m1,073.41 kB[39m[22m[2m │ gzip: 322.69 kB[22m
[33m
(!) Some chunks are larger than 500 kB after minification. Consider:
- Using dynamic import() to code-split the application
- Use build.rollupOptions.output.manualChunks to improve chunking: https://rollupjs.org/configuration-options/#output-manualchunks
- Adjust chunk size limit for this warning via build.chunkSizeWarningLimit.[39m
[32m✓ built in 14.83s[39m
